#
# A fatal error has been detected by the Java Runtime Environment:
#
#  Internal Error (javaClasses.cpp:129), pid=7332, tid=7688
#  fatal error: Invalid layout of preloaded class
#
# JRE version: 7.0_13-b20
# Java VM: Java HotSpot(TM) 64-Bit Server VM (23.7-b01 mixed mode windows-amd64 compressed oops)
# Failed to write core dump. Minidumps are not enabled by default on client versions of Windows
#
# If you would like to submit a bug report, please visit:
#   http://bugreport.sun.com/bugreport/crash.jsp
#

---------------  T H R E A D  ---------------

Current thread (0x00000000020dd000):  JavaThread "Unknown thread" [_thread_in_vm, id=7688, stack(0x0000000002220000,0x0000000002320000)]

Stack: [0x0000000002220000,0x0000000002320000]

---------------  P R O C E S S  ---------------

Java Threads: ( => current thread )

Other Threads:

=>0x00000000020dd000 (exited) JavaThread "Unknown thread" [_thread_in_vm, id=7688, stack(0x0000000002220000,0x0000000002320000)]

VM state:not at safepoint (not fully initialized)

VM Mutex/Monitor currently owned by a thread: None

GC Heap History (0 events):
No events

Deoptimization events (0 events):
No events

Internal exceptions (0 events):
No events

Events (10 events):
Event: 0.007 loading class 0x00000000021603d0 done
Event: 0.008 loading class 0x00000000021228d0 done
Event: 0.008 loading class 0x00000000021228a0
Event: 0.008 loading class 0x000000000216d1e0
Event: 0.008 loading class 0x000000000216d1e0 done
Event: 0.008 loading class 0x000000000216d220
Event: 0.008 loading class 0x000000000216d220 done
Event: 0.008 loading class 0x000000000b2ce0e0
Event: 0.008 loading class 0x000000000b2ce0e0 done
Event: 0.008 loading class 0x00000000021228a0 done


Dynamic libraries:
0x000000013f190000 - 0x000000013f1c3000 	C:\Program Files\Java\jre7\bin\javaw.exe
0x0000000077c60000 - 0x0000000077e09000 	C:\Windows\SYSTEM32\ntdll.dll
0x00000000777d0000 - 0x00000000778ef000 	C:\Windows\system32\kernel32.dll
0x000007fefe3e0000 - 0x000007fefe44b000 	C:\Windows\system32\KERNELBASE.dll
0x000007fefe960000 - 0x000007fefea3b000 	C:\Windows\system32\ADVAPI32.dll
0x000007feffb30000 - 0x000007feffbcf000 	C:\Windows\system32\msvcrt.dll
0x000007feffa00000 - 0x000007feffa1f000 	C:\Windows\SYSTEM32\sechost.dll
0x000007fefe7b0000 - 0x000007fefe8dd000 	C:\Windows\system32\RPCRT4.dll
0x00000000776d0000 - 0x00000000777ca000 	C:\Windows\system32\USER32.dll
0x000007fefff00000 - 0x000007fefff67000 	C:\Windows\system32\GDI32.dll
0x000007feffef0000 - 0x000007feffefe000 	C:\Windows\system32\LPK.dll
0x000007fefe580000 - 0x000007fefe649000 	C:\Windows\system32\USP10.dll
0x000007fefca80000 - 0x000007fefcc74000 	C:\Windows\WinSxS\amd64_microsoft.windows.common-controls_6595b64144ccf1df_6.0.7601.17514_none_fa396087175ac9ac\COMCTL32.dll
0x000007fefe650000 - 0x000007fefe6c1000 	C:\Windows\system32\SHLWAPI.dll
0x000007feffeb0000 - 0x000007feffede000 	C:\Windows\system32\IMM32.DLL
0x000007feffa20000 - 0x000007feffb29000 	C:\Windows\system32\MSCTF.dll
0x00000000648e0000 - 0x00000000649b1000 	C:\Program Files\Java\jre7\bin\msvcr100.dll
0x000000005ed40000 - 0x000000005f45f000 	C:\Program Files\Java\jre7\bin\server\jvm.dll
0x000007feeee00000 - 0x000007feeee09000 	C:\Windows\system32\WSOCK32.dll
0x000007fefe490000 - 0x000007fefe4dd000 	C:\Windows\system32\WS2_32.dll
0x000007feffee0000 - 0x000007feffee8000 	C:\Windows\system32\NSI.dll
0x000007fefbb40000 - 0x000007fefbb7b000 	C:\Windows\system32\WINMM.dll
0x0000000077e20000 - 0x0000000077e27000 	C:\Windows\system32\PSAPI.DLL
0x000000006dff0000 - 0x000000006dfff000 	C:\Program Files\Java\jre7\bin\verify.dll
0x0000000064a90000 - 0x0000000064ab8000 	C:\Program Files\Java\jre7\bin\java.dll
0x000000006a970000 - 0x000000006a985000 	C:\Program Files\Java\jre7\bin\zip.dll

VM Arguments:
jvm_args: -Dfile.encoding=Cp1252 -Xbootclasspath:C:\Android\sdk\platforms\android-17\android.jar 
java_command: org.eclipse.jdt.internal.junit.runner.RemoteTestRunner -version 3 -port 51677 -testLoaderClass org.eclipse.jdt.internal.junit4.runner.JUnit4TestLoader -loaderpluginname org.eclipse.jdt.junit4.runtime -test com.jeffthefate.dmbquiz.test.StringLevenshteinTest:testGetLevenshteinDistance
Launcher Type: SUN_STANDARD

Environment Variables:
JAVA_HOME=C:\Program Files\Java\jdk1.7.0_13
PATH=C:/Program Files/Java/jdk1.7.0_13/jre/bin/server;C:/Program Files/Java/jdk1.7.0_13/jre/bin;C:/Program Files/Java/jdk1.7.0_13/jre/lib/amd64;C:\Program Files\Dell\DW WLAN Card;C:\Windows\system32;C:\Windows;C:\Windows\System32\Wbem;C:\Windows\System32\WindowsPowerShell\v1.0\;D:\Android\android-sdk\tools;D:\Android\android-sdk\platform-tools;D:\Android\Ant\bin;C:\Program Files\Java\jdk1.7.0_13\bin;C:\Program Files\Oracle\VirtualBox;C:\Android\sdk\platform-tools\;C:\eclipse;
USERNAME=Jeff
OS=Windows_NT
PROCESSOR_IDENTIFIER=Intel64 Family 6 Model 37 Stepping 5, GenuineIntel



---------------  S Y S T E M  ---------------

OS: Windows 7 , 64 bit Build 7601 Service Pack 1

CPU:total 4 (2 cores per cpu, 2 threads per core) family 6 model 37 stepping 5, cmov, cx8, fxsr, mmx, sse, sse2, sse3, ssse3, sse4.1, sse4.2, popcnt, ht, tsc, tscinvbit

Memory: 4k page, physical 8181588k(3282588k free), swap 16361316k(10365384k free)

vm_info: Java HotSpot(TM) 64-Bit Server VM (23.7-b01) for windows-amd64 JRE (1.7.0_13-b20), built on Jan 30 2013 10:10:00 by "java_re" with unknown MS VC++:1600

time: Mon May 20 16:44:54 2013
elapsed time: 0 seconds

